<?xml version="1.0" encoding="UTF-8"?>
<!-- Generated by org.testng.reporters.JUnitReportReporter -->
<testsuite hostname="DESKTOP-L37L1I5" failures="0" tests="1" name="com.qualitypointtech.testrunners.Runner" time="51.719" errors="0" timestamp="2020-12-10T17:20:56 IST" skipped="0">
  <testcase classname="com.qualitypointtech.testrunners.Runner" name="feature" time="51.719"/>
  <system-out/>
</testsuite> <!-- com.qualitypointtech.testrunners.Runner -->
