<?xml version="1.0" encoding="UTF-8"?>
<!-- Generated by org.testng.reporters.JUnitReportReporter -->
<testsuite hostname="DESKTOP-L37L1I5" failures="0" tests="1" name="com.insurance.testrunners.Runner" time="230.261" errors="0" timestamp="2020-11-24T09:27:16 IST" skipped="0">
  <testcase classname="com.insurance.testrunners.Runner" name="feature" time="230.261"/>
  <system-out/>
</testsuite> <!-- com.insurance.testrunners.Runner -->
